<?xml version="1.0" encoding="UTF-8"?>
<testsuite name="edu.cnm.deepdive.TempConverterTest" tests="1" skipped="0" failures="0" errors="0" timestamp="2021-02-09T21:07:04" hostname="DESKTOP-6JKVG6K" time="0.038">
  <properties/>
  <testcase name="convertFToC()" classname="edu.cnm.deepdive.TempConverterTest" time="0.038"/>
  <system-out><![CDATA[Expected Celsius = -40.000; input fahrenheit =-40.000; actual celsius = -40.000
;Expected Celsius = 0.000; input fahrenheit =32.000; actual celsius = 0.000
;Expected Celsius = 100.000; input fahrenheit =212.000; actual celsius = 100.000
;]]></system-out>
  <system-err><![CDATA[]]></system-err>
</testsuite>
